Copyright 1986-2018 Xilinx, Inc. All Rights Reserved.
---------------------------------------------------------------------------------------------------------------------------------------
| Tool Version : Vivado v.2018.3 (win64) Build 2405991 Thu Dec  6 23:38:27 MST 2018
| Date         : Sat Jan  6 00:32:57 2024
| Host         : dc running 64-bit major release  (build 9200)
| Command      : report_drc -file design_1_wrapper_drc_opted.rpt -pb design_1_wrapper_drc_opted.pb -rpx design_1_wrapper_drc_opted.rpx
| Design       : design_1_wrapper
| Device       : xc7a35tcpg236-1
| Speed File   : -1
| Design State : Synthesized
---------------------------------------------------------------------------------------------------------------------------------------

Report DRC

Table of Contents
-----------------
1. REPORT SUMMARY
2. REPORT DETAILS

1. REPORT SUMMARY
-----------------
            Netlist: netlist
          Floorplan: design_1
      Design limits: <entire design considered>
           Ruledeck: default
             Max violations: <unlimited>
             Violations found: 1
+--------+----------+--------------------------+------------+
| Rule   | Severity | Description              | Violations |
+--------+----------+--------------------------+------------+
| BUFC-1 | Warning  | Input Buffer Connections | 1          |
+--------+----------+--------------------------+------------+

2. REPORT DETAILS
-----------------
BUFC-1#1 Warning
Input Buffer Connections  
Input buffer jb_pin2_iobuf/IBUF (in jb_pin2_iobuf macro) has no loads. It is recommended to have an input buffer drive an internal load.
Related violations: <none>


